2023-01-17 14:32:10,677 - Maven_project -INFO - open url
2023-01-17 14:32:11,054 - Maven_project -INFO - Enter username
2023-01-17 14:32:11,758 - Maven_project -INFO - enter password
2023-01-17 14:32:12,265 - Maven_project -INFO - click operation
2023-01-17 14:33:01,474 - Maven_project -INFO - successful login
2023-01-17 15:54:23,319 - Maven_project -INFO - open url
2023-01-17 15:54:24,038 - Maven_project -INFO - Enter username
2023-01-17 15:54:25,186 - Maven_project -INFO - enter password
2023-01-17 15:54:27,186 - Maven_project -INFO - click operation
2023-01-17 16:06:22,256 - Maven_project -INFO - open url
2023-01-17 16:06:22,539 - Maven_project -INFO - Enter username
2023-01-17 16:06:23,095 - Maven_project -INFO - enter password
2023-01-17 16:06:23,460 - Maven_project -INFO - click operation
2023-01-17 16:06:54,628 - Maven_project -INFO - successful login
2023-01-17 16:11:20,862 - Maven_project Ecommerce -INFO - open url
2023-01-17 16:11:21,272 - Maven_project Ecommerce -INFO - Enter username
2023-01-17 16:11:24,756 - Maven_project Ecommerce -INFO - enter password
2023-01-17 16:11:25,896 - Maven_project Ecommerce -INFO - click operation
2023-01-17 16:11:36,595 - Maven_project Ecommerce -INFO - successful login
2023-01-18 16:58:09,919 - Maven_project Ecommerce -INFO - open url
2023-01-18 16:58:10,500 - Maven_project Ecommerce -INFO - Enter username
2023-01-18 16:58:11,804 - Maven_project Ecommerce -INFO - enter password
2023-01-18 16:58:12,781 - Maven_project Ecommerce -INFO - click operation
2023-01-18 16:58:14,682 - Maven_project Ecommerce -INFO - successful login
2023-01-18 17:27:34,996 - Maven_project Ecommerce -INFO - open url
2023-01-18 17:27:35,501 - Maven_project Ecommerce -INFO - Enter username
2023-01-18 17:27:36,470 - Maven_project Ecommerce -INFO - enter password
2023-01-18 17:27:37,056 - Maven_project Ecommerce -INFO - click operation
2023-01-18 17:28:03,923 - Maven_project Ecommerce -INFO - successful login
2023-01-18 19:42:47,727 - Maven_project Ecommerce -INFO - open url
2023-01-18 19:42:48,744 - Maven_project Ecommerce -INFO - Enter username
2023-01-18 19:42:49,982 - Maven_project Ecommerce -INFO - enter password
2023-01-18 19:42:50,513 - Maven_project Ecommerce -INFO - click operation
2023-01-18 19:42:51,648 - Maven_project Ecommerce -INFO - successful login
2023-01-18 19:45:32,242 - Maven_project Ecommerce -INFO - open url
2023-01-18 19:45:32,521 - Maven_project Ecommerce -INFO - Enter username
2023-01-18 19:45:33,072 - Maven_project Ecommerce -INFO - enter password
2023-01-18 19:45:33,434 - Maven_project Ecommerce -INFO - click operation
2023-01-18 19:45:56,977 - Maven_project Ecommerce -INFO - Successful login
2023-01-18 19:50:24,588 - Maven_project Ecommerce -INFO - open url
2023-01-18 19:50:24,634 - Maven_project Ecommerce -INFO - Enter username
2023-01-18 19:50:24,754 - Maven_project Ecommerce -INFO - enter password
2023-01-18 19:50:24,937 - Maven_project Ecommerce -INFO - click operation
2023-01-19 13:42:35,277 - Maven_project Ecommerce -INFO - open url
2023-01-19 13:43:53,344 - Maven_project Ecommerce -INFO - open url
2023-01-19 13:56:19,013 - Maven_project Ecommerce -INFO - open url
2023-01-19 14:03:25,611 - Maven_project Ecommerce -INFO - open url
2023-01-19 14:08:47,351 - Maven_project Ecommerce -INFO - open url
2023-01-19 14:13:10,236 - Maven_project Ecommerce -INFO - open url
2023-01-19 14:15:30,002 - Maven_project Ecommerce -INFO - open url
2023-01-19 14:15:36,005 - Maven_project Ecommerce -INFO - Enter OTP
2023-01-19 14:15:46,454 - Maven_project Ecommerce -INFO - Verify OTP
2023-01-19 15:12:49,869 - Maven_project Ecommerce -INFO - open url
2023-01-19 15:12:50,785 - Maven_project Ecommerce -INFO - enter Username
2023-01-19 15:12:51,257 - Maven_project Ecommerce -INFO - enter password 
2023-01-19 15:22:06,512 - Maven_project Ecommerce -INFO - open url
2023-01-19 15:22:06,956 - Maven_project Ecommerce -INFO - enter Username
2023-01-19 15:22:07,329 - Maven_project Ecommerce -INFO - enter password 
2023-01-19 15:54:42,863 - Maven_project Ecommerce -INFO - open url
2023-01-19 15:54:44,369 - Maven_project Ecommerce -INFO - enter Username
2023-01-19 15:54:49,599 - Maven_project Ecommerce -INFO - enter password 
2023-01-19 22:38:01,127 - Maven_project Ecommerce -INFO - open url
2023-01-19 22:38:01,704 - Maven_project Ecommerce -INFO - enter Username
2023-01-19 22:38:02,868 - Maven_project Ecommerce -INFO - enter password 
2023-01-19 22:39:55,536 - Maven_project Ecommerce -INFO - open url
2023-01-19 22:39:56,021 - Maven_project Ecommerce -INFO - enter Username
2023-01-19 22:39:56,742 - Maven_project Ecommerce -INFO - enter password 
2023-01-19 22:48:55,598 - Maven_project Ecommerce -INFO - open url
2023-01-19 22:48:56,001 - Maven_project Ecommerce -INFO - enter Username
2023-01-19 22:48:56,361 - Maven_project Ecommerce -INFO - enter password 
2023-01-19 22:49:14,517 - Maven_project Ecommerce -INFO - Login Successful
2023-01-22 16:10:04,937 - Maven_project Ecommerce -INFO - open url
2023-01-22 16:10:05,274 - Maven_project Ecommerce -INFO - enter Username
2023-01-22 16:10:06,929 - Maven_project Ecommerce -INFO - enter password 
2023-01-22 16:10:30,169 - Maven_project Ecommerce -INFO - Login Successful
2023-01-22 23:58:33,206 - Maven_project Ecommerce -INFO - open url
2023-01-22 23:59:48,123 - Maven_project Ecommerce -INFO - open url
2023-01-22 23:59:50,032 - Maven_project Ecommerce -INFO - enter Firstaname
2023-01-22 23:59:50,213 - Maven_project Ecommerce -INFO - enter Lastaname
2023-01-22 23:59:50,335 - Maven_project Ecommerce -INFO - enter Email
2023-01-22 23:59:50,496 - Maven_project Ecommerce -INFO - enter Password
2023-01-22 23:59:50,621 - Maven_project Ecommerce -INFO - enter Confirm Password
2023-01-22 23:59:50,746 - Maven_project Ecommerce -INFO - Click on Register
2023-01-23 00:05:01,447 - Maven_project Ecommerce -INFO - open url
2023-01-23 00:05:03,134 - Maven_project Ecommerce -INFO - enter Firstaname
2023-01-23 00:05:03,263 - Maven_project Ecommerce -INFO - enter Lastaname
2023-01-23 00:05:03,402 - Maven_project Ecommerce -INFO - enter Email
2023-01-23 00:05:03,559 - Maven_project Ecommerce -INFO - enter Password
2023-01-23 00:05:03,703 - Maven_project Ecommerce -INFO - enter Confirm Password
2023-01-23 00:05:03,837 - Maven_project Ecommerce -INFO - Click on Register
2023-01-23 00:07:32,999 - Maven_project Ecommerce -INFO - open url
2023-01-23 00:07:33,978 - Maven_project Ecommerce -INFO - enter Firstaname
2023-01-23 00:07:34,110 - Maven_project Ecommerce -INFO - enter Lastaname
2023-01-23 00:07:34,254 - Maven_project Ecommerce -INFO - enter Email
2023-01-23 00:07:34,420 - Maven_project Ecommerce -INFO - enter Password
2023-01-23 00:07:34,552 - Maven_project Ecommerce -INFO - enter Confirm Password
2023-01-23 00:07:34,688 - Maven_project Ecommerce -INFO - Click on Register
2023-01-23 00:09:05,513 - Maven_project Ecommerce -INFO - open url
2023-01-23 00:09:15,799 - Maven_project Ecommerce -INFO - enter Firstaname
2023-01-23 00:09:15,946 - Maven_project Ecommerce -INFO - enter Lastaname
2023-01-23 00:09:16,092 - Maven_project Ecommerce -INFO - enter Email
2023-01-23 00:09:16,254 - Maven_project Ecommerce -INFO - enter Password
2023-01-23 00:09:16,396 - Maven_project Ecommerce -INFO - enter Confirm Password
2023-01-23 00:09:16,568 - Maven_project Ecommerce -INFO - Click on Register
2023-01-23 00:09:18,930 - Maven_project Ecommerce -INFO - Registration Successful
2023-01-23 00:29:17,174 - Maven_project Ecommerce -INFO - open url
2023-01-23 00:29:19,314 - Maven_project Ecommerce -INFO - enter Firstaname
2023-01-23 00:29:19,615 - Maven_project Ecommerce -INFO - enter Lastaname
2023-01-23 00:29:19,858 - Maven_project Ecommerce -INFO - enter Email
2023-01-23 00:29:20,042 - Maven_project Ecommerce -INFO - enter Password
2023-01-23 00:29:20,171 - Maven_project Ecommerce -INFO - enter Confirm Password
2023-01-23 00:29:20,298 - Maven_project Ecommerce -INFO - Click on Register
2023-01-23 00:30:25,147 - Maven_project Ecommerce -INFO - open url
2023-01-23 00:30:27,174 - Maven_project Ecommerce -INFO - enter Firstaname
2023-01-23 00:30:27,340 - Maven_project Ecommerce -INFO - enter Lastaname
2023-01-23 00:30:27,500 - Maven_project Ecommerce -INFO - enter Email
2023-01-23 00:30:27,676 - Maven_project Ecommerce -INFO - enter Password
2023-01-23 00:30:27,826 - Maven_project Ecommerce -INFO - enter Confirm Password
2023-01-23 00:30:27,975 - Maven_project Ecommerce -INFO - Click on Register
2023-01-23 00:30:29,235 - Maven_project Ecommerce -INFO - Registration Successful
2023-01-23 00:56:07,805 - Maven_project Ecommerce -INFO - open url
2023-01-23 00:56:10,880 - Maven_project Ecommerce -INFO - enter Email
2023-01-23 00:56:11,521 - Maven_project Ecommerce -INFO - enter Password
2023-01-23 00:56:11,786 - Maven_project Ecommerce -INFO - Click on Login
2023-01-23 00:58:27,736 - Maven_project Ecommerce -INFO - open url
2023-01-23 00:58:29,571 - Maven_project Ecommerce -INFO - enter Firstaname
2023-01-23 00:58:29,867 - Maven_project Ecommerce -INFO - enter Lastaname
2023-01-23 00:58:30,084 - Maven_project Ecommerce -INFO - enter Email
2023-01-23 00:58:30,244 - Maven_project Ecommerce -INFO - enter Password
2023-01-23 00:58:30,372 - Maven_project Ecommerce -INFO - enter Confirm Password
2023-01-23 00:58:30,496 - Maven_project Ecommerce -INFO - Click on Register
2023-01-23 00:58:31,617 - Maven_project Ecommerce -INFO - Registration Successful
2023-01-23 00:59:23,678 - Maven_project Ecommerce -INFO - open url
2023-01-23 00:59:25,429 - Maven_project Ecommerce -INFO - enter Email
2023-01-23 00:59:25,566 - Maven_project Ecommerce -INFO - enter Password
2023-01-23 00:59:25,681 - Maven_project Ecommerce -INFO - Click on Login
2023-01-23 01:00:46,313 - Maven_project Ecommerce -INFO - open url
2023-01-23 01:00:48,832 - Maven_project Ecommerce -INFO - enter Email
2023-01-23 01:00:49,037 - Maven_project Ecommerce -INFO - enter Password
2023-01-23 01:00:49,238 - Maven_project Ecommerce -INFO - Click on Login
2023-01-23 01:02:07,404 - Maven_project Ecommerce -INFO - open url
2023-01-23 01:02:08,444 - Maven_project Ecommerce -INFO - enter Email
2023-01-23 01:02:08,576 - Maven_project Ecommerce -INFO - enter Password
2023-01-23 01:02:08,694 - Maven_project Ecommerce -INFO - Click on Login
